<?xml version="1.0" encoding="UTF-8"?>
<!-- Generated by org.testng.reporters.JUnitXMLReporter -->
<testsuite ignored="0" hostname="LAPTOP-704UC4MD" failures="0" tests="3" name="Test-2" time="68.594" errors="0" timestamp="05 Jun 2024 09:13:12 GMT">
  <testcase classname="com.comcast.crm.contacttest.CreateContactTest" name="createContactTest" time="12.89"/>
  <testcase classname="com.comcast.crm.contacttest.CreateContactTest" name="createContactWithSupportDateTest" time="10.964"/>
  <testcase classname="com.comcast.crm.contacttest.CreateContactTest" name="createContactsWithOrgTest" time="17.746"/>
</testsuite> <!-- Test-2 -->
