<?xml version="1.0" encoding="UTF-8"?>
<!-- Generated by org.testng.reporters.JUnitReportReporter -->
<testsuite hostname="LAPTOP-704UC4MD" failures="0" tests="1" name="practice.TestNG.InvoiceTestRetryAnalyzer" time="0.008" errors="0" timestamp="08 Jun 2024 06:28:26 GMT" skipped="0">
  <testcase classname="practice.TestNG.InvoiceTestRetryAnalyzer" name="activatesim" time="0.008"/>
</testsuite> <!-- practice.TestNG.InvoiceTestRetryAnalyzer -->
